PuppyFriends - Version 4.0/app/build/intermediates/manifest_merge_blame_file/debug/manifest-merger-blame-debug-report.txt
1<?xml version="1.0" encoding="utf-8"?>
2<manifest xmlns:android="http://schemas.android.com/apk/res/android"
3    package="com.sw.PuppyFriends"
4    android:versionCode="1"
5    android:versionName="1.0" >
6
7    <uses-sdk
8        android:minSdkVersion="24"
8-->src\main\AndroidManifest.xml
9        android:targetSdkVersion="29" />
9-->src\main\AndroidManifest.xml
10
11    <uses-permission android:name="android.permission.INTERNET" />
11-->src\main\AndroidManifest.xml:6:5-67
11-->src\main\AndroidManifest.xml:6:22-64
12    <uses-permission android:name="android.permission.ACCESS_NETWORK_STATE" />
12-->src\main\AndroidManifest.xml:7:5-79
12-->src\main\AndroidManifest.xml:7:22-76
13    <uses-permission android:name="android.permission.WAKE_LOCK" /> <!-- Required by older versions of Google Play services to create IID tokens -->
13-->[com.google.android.gms:play-services-measurement-api:17.4.2] AndroidManifest.xml:24:5-68
13-->[com.google.android.gms:play-services-measurement-api:17.4.2] AndroidManifest.xml:24:22-65
14    <uses-permission android:name="com.google.android.c2dm.permission.RECEIVE" />
14-->[com.google.firebase:firebase-iid:20.2.0] AndroidManifest.xml:26:5-82
14-->[com.google.firebase:firebase-iid:20.2.0] AndroidManifest.xml:26:22-79
15    <uses-permission android:name="com.google.android.finsky.permission.BIND_GET_INSTALL_REFERRER_SERVICE" />
15-->[com.google.android.gms:play-services-measurement:17.4.2] AndroidManifest.xml:26:5-110
15-->[com.google.android.gms:play-services-measurement:17.4.2] AndroidManifest.xml:26:22-107
16
17    <application
17-->src\main\AndroidManifest.xml:9:5-78:19
18        android:allowBackup="true"
18-->src\main\AndroidManifest.xml:10:9-35
19        android:appComponentFactory="androidx.core.app.CoreComponentFactory"
19-->[androidx.core:core:1.2.0] AndroidManifest.xml:24:18-86
20        android:debuggable="true"
21        android:extractNativeLibs="false"
22        android:icon="@mipmap/ic_launcher"
22-->src\main\AndroidManifest.xml:11:9-43
23        android:label="PuppyFriends"
23-->src\main\AndroidManifest.xml:12:9-37
24        android:roundIcon="@mipmap/ic_launcher_round"
24-->src\main\AndroidManifest.xml:13:9-54
25        android:supportsRtl="true"
25-->src\main\AndroidManifest.xml:14:9-35
26        android:testOnly="true"
27        android:theme="@style/AppTheme" >
27-->src\main\AndroidManifest.xml:15:9-40
28        <activity android:name="com.sw.PuppyFriends.IntroActivity" >
28-->src\main\AndroidManifest.xml:17:9-23:20
28-->src\main\AndroidManifest.xml:17:19-67
29            <intent-filter>
29-->src\main\AndroidManifest.xml:18:13-22:29
30                <action android:name="android.intent.action.MAIN" />
30-->src\main\AndroidManifest.xml:19:17-69
30-->src\main\AndroidManifest.xml:19:25-66
31
32                <category android:name="android.intent.category.LAUNCHER" />
32-->src\main\AndroidManifest.xml:21:17-77
32-->src\main\AndroidManifest.xml:21:27-74
33            </intent-filter>
34        </activity>
35        <activity
35-->src\main\AndroidManifest.xml:25:9-27:57
36            android:name="com.sw.PuppyFriends.Register"
36-->src\main\AndroidManifest.xml:26:13-56
37            android:windowSoftInputMode="stateHidden" />
37-->src\main\AndroidManifest.xml:27:13-54
38        <activity
38-->src\main\AndroidManifest.xml:28:9-30:57
39            android:name="com.sw.PuppyFriends.Login"
39-->src\main\AndroidManifest.xml:29:13-53
40            android:windowSoftInputMode="stateHidden" />
40-->src\main\AndroidManifest.xml:30:13-54
41        <activity
41-->src\main\AndroidManifest.xml:31:9-33:57
42            android:name="com.sw.PuppyFriends.HomeActivity"
42-->src\main\AndroidManifest.xml:32:13-60
43            android:windowSoftInputMode="stateHidden" />
43-->src\main\AndroidManifest.xml:33:13-54
44        <activity
44-->src\main\AndroidManifest.xml:34:9-36:57
45            android:name="com.sw.PuppyFriends.ResetPasswordActivity"
45-->src\main\AndroidManifest.xml:35:13-69
46            android:windowSoftInputMode="stateHidden" />
46-->src\main\AndroidManifest.xml:36:13-54
47        <activity
47-->src\main\AndroidManifest.xml:37:9-39:57
48            android:name="com.sw.PuppyFriends.EditProfileActivity"
48-->src\main\AndroidManifest.xml:38:13-67
49            android:windowSoftInputMode="stateHidden" />
49-->src\main\AndroidManifest.xml:39:13-54
50        <activity
50-->src\main\AndroidManifest.xml:40:9-42:57
51            android:name="com.sw.PuppyFriends.ProfileActivity"
51-->src\main\AndroidManifest.xml:41:13-63
52            android:windowSoftInputMode="stateHidden" />
52-->src\main\AndroidManifest.xml:42:13-54
53        <activity android:name="com.sw.PuppyFriends.SitterApplicationActivity" />
53-->src\main\AndroidManifest.xml:43:9-82
53-->src\main\AndroidManifest.xml:43:19-79
54        <activity android:name="com.sw.PuppyFriends.UserApplicationActivity" />
54-->src\main\AndroidManifest.xml:44:9-80
54-->src\main\AndroidManifest.xml:44:19-77
55        <activity android:name="com.sw.PuppyFriends.SettingConditionActivity" />
55-->src\main\AndroidManifest.xml:45:9-81
55-->src\main\AndroidManifest.xml:45:19-78
56        <activity android:name="com.sw.PuppyFriends.SettingDetailInfoActivity" />
56-->src\main\AndroidManifest.xml:46:9-82
56-->src\main\AndroidManifest.xml:46:19-79
57        <activity android:name="com.sw.PuppyFriends.Meeting" />
57-->src\main\AndroidManifest.xml:47:9-64
57-->src\main\AndroidManifest.xml:47:19-61
58        <activity android:name="com.sw.PuppyFriends.MeetingResult" />
58-->src\main\AndroidManifest.xml:48:9-70
58-->src\main\AndroidManifest.xml:48:19-67
59        <activity android:name="com.sw.PuppyFriends.matchreport" />
59-->src\main\AndroidManifest.xml:49:9-68
59-->src\main\AndroidManifest.xml:49:19-65
60        <activity android:name="com.sw.PuppyFriends.CheckProfileActivity" />
60-->src\main\AndroidManifest.xml:50:9-77
60-->src\main\AndroidManifest.xml:50:19-74
61        <activity android:name="com.sw.PuppyFriends.Users" />
61-->src\main\AndroidManifest.xml:51:9-62
61-->src\main\AndroidManifest.xml:51:19-59
62        <activity android:name="com.sw.PuppyFriends.Chat" />
62-->src\main\AndroidManifest.xml:52:9-61
62-->src\main\AndroidManifest.xml:52:19-58
63        <activity android:name="com.sw.PuppyFriends.Waiting" />
63-->src\main\AndroidManifest.xml:53:9-64
63-->src\main\AndroidManifest.xml:53:19-61
64        <activity android:name="com.sw.PuppyFriends.SittingOngoing" />
64-->src\main\AndroidManifest.xml:54:9-71
64-->src\main\AndroidManifest.xml:54:19-68
65        <activity android:name="com.sw.PuppyFriends.Rating" >
65-->src\main\AndroidManifest.xml:55:9-56:20
65-->src\main\AndroidManifest.xml:55:19-60
66        </activity>
67        <activity android:name="com.sw.PuppyFriends.tos" />
67-->src\main\AndroidManifest.xml:57:9-60
67-->src\main\AndroidManifest.xml:57:19-57
68        <activity android:name="com.sw.PuppyFriends.Meetingbefore_agree" />
68-->src\main\AndroidManifest.xml:58:9-76
68-->src\main\AndroidManifest.xml:58:19-73
69        <activity android:name="com.sw.PuppyFriends.Matchinglist" />
69-->src\main\AndroidManifest.xml:59:9-69
69-->src\main\AndroidManifest.xml:59:19-66
70        <activity android:name="com.sw.PuppyFriends.Sitterlist" />
70-->src\main\AndroidManifest.xml:60:9-66
70-->src\main\AndroidManifest.xml:60:19-64
71        <activity android:name="com.sw.PuppyFriends.Favorite" />
71-->src\main\AndroidManifest.xml:61:9-64
71-->src\main\AndroidManifest.xml:61:19-62
72        <activity android:name="com.sw.PuppyFriends.matchreportResult" />
72-->src\main\AndroidManifest.xml:62:9-73
72-->src\main\AndroidManifest.xml:62:19-71
73        <activity android:name="com.sw.PuppyFriends.ReportActivity" />
73-->src\main\AndroidManifest.xml:63:9-70
73-->src\main\AndroidManifest.xml:63:19-68
74        <activity android:name="com.sw.PuppyFriends.DetailConditionCheck" />
74-->src\main\AndroidManifest.xml:64:9-76
74-->src\main\AndroidManifest.xml:64:19-74
75        <activity android:name="com.sw.PuppyFriends.Usingguide" />
75-->src\main\AndroidManifest.xml:65:9-66
75-->src\main\AndroidManifest.xml:65:19-64
76
77        <meta-data
77-->src\main\AndroidManifest.xml:67:9-69:35
78            android:name="com.google.firebase.messaging.default_notification_channel_id"
78-->src\main\AndroidManifest.xml:68:13-89
79            android:value="test" />
79-->src\main\AndroidManifest.xml:69:13-33
80
81        <service
81-->src\main\AndroidManifest.xml:71:9-76:19
82            android:name="com.sw.PuppyFriends.FirebaseMessageManager"
82-->src\main\AndroidManifest.xml:71:18-75
83            android:exported="false" >
83-->src\main\AndroidManifest.xml:72:13-37
84            <intent-filter>
84-->src\main\AndroidManifest.xml:73:13-75:29
85                <action android:name="com.google.firebase.MESSAGING_EVENT" />
85-->src\main\AndroidManifest.xml:74:17-78
85-->src\main\AndroidManifest.xml:74:25-75
86            </intent-filter>
87        </service>
88
89        <meta-data
89-->[com.firebaseui:firebase-ui-auth:4.3.1] AndroidManifest.xml:16:9-18:69
90            android:name="com.google.android.gms.version"
90-->[com.firebaseui:firebase-ui-auth:4.3.1] AndroidManifest.xml:17:13-58
91            android:value="@integer/google_play_services_version" />
91-->[com.firebaseui:firebase-ui-auth:4.3.1] AndroidManifest.xml:18:13-66
92        <meta-data
92-->[com.firebaseui:firebase-ui-auth:4.3.1] AndroidManifest.xml:19:9-21:63
93            android:name="com.facebook.sdk.ApplicationId"
93-->[com.firebaseui:firebase-ui-auth:4.3.1] AndroidManifest.xml:20:13-58
94            android:value="@string/facebook_application_id" />
94-->[com.firebaseui:firebase-ui-auth:4.3.1] AndroidManifest.xml:21:13-60
95
96        <activity
96-->[com.firebaseui:firebase-ui-auth:4.3.1] AndroidManifest.xml:23:9-27:61
97            android:name="com.firebase.ui.auth.KickoffActivity"
97-->[com.firebaseui:firebase-ui-auth:4.3.1] AndroidManifest.xml:24:13-64
98            android:exported="false"
98-->[com.firebaseui:firebase-ui-auth:4.3.1] AndroidManifest.xml:25:13-37
99            android:label=""
99-->[com.firebaseui:firebase-ui-auth:4.3.1] AndroidManifest.xml:26:13-29
100            android:theme="@style/FirebaseUI.Transparent" />
100-->[com.firebaseui:firebase-ui-auth:4.3.1] AndroidManifest.xml:27:13-58
101        <activity
101-->[com.firebaseui:firebase-ui-auth:4.3.1] AndroidManifest.xml:28:9-32:61
102            android:name="com.firebase.ui.auth.ui.idp.SingleSignInActivity"
102-->[com.firebaseui:firebase-ui-auth:4.3.1] AndroidManifest.xml:29:13-76
103            android:exported="false"
103-->[com.firebaseui:firebase-ui-auth:4.3.1] AndroidManifest.xml:30:13-37
104            android:label=""
104-->[com.firebaseui:firebase-ui-auth:4.3.1] AndroidManifest.xml:31:13-29
105            android:theme="@style/FirebaseUI.Transparent" />
105-->[com.firebaseui:firebase-ui-auth:4.3.1] AndroidManifest.xml:32:13-58
106        <activity
106-->[com.firebaseui:firebase-ui-auth:4.3.1] AndroidManifest.xml:33:9-37:61
107            android:name="com.firebase.ui.auth.ui.credentials.CredentialSaveActivity"
107-->[com.firebaseui:firebase-ui-auth:4.3.1] AndroidManifest.xml:34:13-86
108            android:exported="false"
108-->[com.firebaseui:firebase-ui-auth:4.3.1] AndroidManifest.xml:35:13-37
109            android:label=""
109-->[com.firebaseui:firebase-ui-auth:4.3.1] AndroidManifest.xml:36:13-29
110            android:theme="@style/FirebaseUI.Transparent" />
110-->[com.firebaseui:firebase-ui-auth:4.3.1] AndroidManifest.xml:37:13-58
111        <activity
111-->[com.firebaseui:firebase-ui-auth:4.3.1] AndroidManifest.xml:38:9-42:58
112            android:name="com.firebase.ui.auth.ui.email.RecoverPasswordActivity"
112-->[com.firebaseui:firebase-ui-auth:4.3.1] AndroidManifest.xml:39:13-81
113            android:exported="false"
113-->[com.firebaseui:firebase-ui-auth:4.3.1] AndroidManifest.xml:40:13-37
114            android:label="@string/fui_title_recover_password_activity"
114-->[com.firebaseui:firebase-ui-auth:4.3.1] AndroidManifest.xml:41:13-72
115            android:windowSoftInputMode="adjustResize" />
115-->[com.firebaseui:firebase-ui-auth:4.3.1] AndroidManifest.xml:42:13-55
116        <activity
116-->[com.firebaseui:firebase-ui-auth:4.3.1] AndroidManifest.xml:43:9-47:58
117            android:name="com.firebase.ui.auth.ui.email.EmailActivity"
117-->[com.firebaseui:firebase-ui-auth:4.3.1] AndroidManifest.xml:44:13-71
118            android:exported="false"
118-->[com.firebaseui:firebase-ui-auth:4.3.1] AndroidManifest.xml:45:13-37
119            android:label="@string/fui_sign_in_default"
119-->[com.firebaseui:firebase-ui-auth:4.3.1] AndroidManifest.xml:46:13-56
120            android:windowSoftInputMode="adjustResize" />
120-->[com.firebaseui:firebase-ui-auth:4.3.1] AndroidManifest.xml:47:13-55
121        <activity
121-->[com.firebaseui:firebase-ui-auth:4.3.1] AndroidManifest.xml:48:9-52:77
122            android:name="com.firebase.ui.auth.ui.phone.PhoneActivity"
122-->[com.firebaseui:firebase-ui-auth:4.3.1] AndroidManifest.xml:49:13-71
123            android:exported="false"
123-->[com.firebaseui:firebase-ui-auth:4.3.1] AndroidManifest.xml:50:13-37
124            android:label="@string/fui_sign_in_with_phone_number"
124-->[com.firebaseui:firebase-ui-auth:4.3.1] AndroidManifest.xml:51:13-66
125            android:windowSoftInputMode="adjustResize|stateAlwaysVisible" />
125-->[com.firebaseui:firebase-ui-auth:4.3.1] AndroidManifest.xml:52:13-74
126        <activity
126-->[com.firebaseui:firebase-ui-auth:4.3.1] AndroidManifest.xml:53:9-57:58
127            android:name="com.firebase.ui.auth.ui.idp.WelcomeBackIdpPrompt"
127-->[com.firebaseui:firebase-ui-auth:4.3.1] AndroidManifest.xml:54:13-76
128            android:exported="false"
128-->[com.firebaseui:firebase-ui-auth:4.3.1] AndroidManifest.xml:55:13-37
129            android:label="@string/fui_title_welcome_back_idp_prompt"
129-->[com.firebaseui:firebase-ui-auth:4.3.1] AndroidManifest.xml:56:13-70
130            android:windowSoftInputMode="adjustResize" />
130-->[com.firebaseui:firebase-ui-auth:4.3.1] AndroidManifest.xml:57:13-55
131        <activity
131-->[com.firebaseui:firebase-ui-auth:4.3.1] AndroidManifest.xml:58:9-62:58
132            android:name="com.firebase.ui.auth.ui.email.WelcomeBackPasswordPrompt"
132-->[com.firebaseui:firebase-ui-auth:4.3.1] AndroidManifest.xml:59:13-83
133            android:exported="false"
133-->[com.firebaseui:firebase-ui-auth:4.3.1] AndroidManifest.xml:60:13-37
134            android:label="@string/fui_title_welcome_back_password_prompt"
134-->[com.firebaseui:firebase-ui-auth:4.3.1] AndroidManifest.xml:61:13-75
135            android:windowSoftInputMode="adjustResize" />
135-->[com.firebaseui:firebase-ui-auth:4.3.1] AndroidManifest.xml:62:13-55
136        <activity
136-->[com.firebaseui:firebase-ui-auth:4.3.1] AndroidManifest.xml:63:9-67:58
137            android:name="com.firebase.ui.auth.ui.email.WelcomeBackEmailLinkPrompt"
137-->[com.firebaseui:firebase-ui-auth:4.3.1] AndroidManifest.xml:64:13-84
138            android:exported="false"
138-->[com.firebaseui:firebase-ui-auth:4.3.1] AndroidManifest.xml:65:13-37
139            android:label="@string/fui_title_welcome_back_password_prompt"
139-->[com.firebaseui:firebase-ui-auth:4.3.1] AndroidManifest.xml:66:13-75
140            android:windowSoftInputMode="adjustResize" />
140-->[com.firebaseui:firebase-ui-auth:4.3.1] AndroidManifest.xml:67:13-55
141        <activity
141-->[com.firebaseui:firebase-ui-auth:4.3.1] AndroidManifest.xml:68:9-73:58
142            android:name="com.firebase.ui.auth.ui.email.EmailLinkCatcherActivity"
142-->[com.firebaseui:firebase-ui-auth:4.3.1] AndroidManifest.xml:69:13-82
143            android:exported="false"
143-->[com.firebaseui:firebase-ui-auth:4.3.1] AndroidManifest.xml:70:13-37
144            android:label=""
144-->[com.firebaseui:firebase-ui-auth:4.3.1] AndroidManifest.xml:71:13-29
145            android:theme="@style/FirebaseUI.Transparent"
145-->[com.firebaseui:firebase-ui-auth:4.3.1] AndroidManifest.xml:72:13-58
146            android:windowSoftInputMode="adjustResize" />
146-->[com.firebaseui:firebase-ui-auth:4.3.1] AndroidManifest.xml:73:13-55
147        <activity
147-->[com.firebaseui:firebase-ui-auth:4.3.1] AndroidManifest.xml:74:9-78:58
148            android:name="com.firebase.ui.auth.ui.email.EmailLinkErrorRecoveryActivity"
148-->[com.firebaseui:firebase-ui-auth:4.3.1] AndroidManifest.xml:75:13-88
149            android:exported="false"
149-->[com.firebaseui:firebase-ui-auth:4.3.1] AndroidManifest.xml:76:13-37
150            android:label="@string/fui_sign_in_default"
150-->[com.firebaseui:firebase-ui-auth:4.3.1] AndroidManifest.xml:77:13-56
151            android:windowSoftInputMode="adjustResize" />
151-->[com.firebaseui:firebase-ui-auth:4.3.1] AndroidManifest.xml:78:13-55
152        <activity
152-->[com.firebaseui:firebase-ui-auth:4.3.1] AndroidManifest.xml:79:9-82:65
153            android:name="com.firebase.ui.auth.ui.idp.AuthMethodPickerActivity"
153-->[com.firebaseui:firebase-ui-auth:4.3.1] AndroidManifest.xml:80:13-80
154            android:exported="false"
154-->[com.firebaseui:firebase-ui-auth:4.3.1] AndroidManifest.xml:81:13-37
155            android:label="@string/fui_default_toolbar_title" />
155-->[com.firebaseui:firebase-ui-auth:4.3.1] AndroidManifest.xml:82:13-62
156        <activity
156-->[com.firebaseui:firebase-ui-auth:4.3.1] AndroidManifest.xml:83:9-87:48
157            android:name="com.facebook.FacebookActivity"
157-->[com.firebaseui:firebase-ui-auth:4.3.1] AndroidManifest.xml:84:13-57
158            android:configChanges="keyboard|keyboardHidden|screenLayout|screenSize|orientation"
158-->[com.firebaseui:firebase-ui-auth:4.3.1] AndroidManifest.xml:85:13-96
159            android:label="@string/app_name" />
159-->[com.firebaseui:firebase-ui-auth:4.3.1] AndroidManifest.xml:86:13-45
160        <activity
160-->[com.firebaseui:firebase-ui-auth:4.3.1] AndroidManifest.xml:88:9-100:20
161            android:name="com.facebook.CustomTabActivity"
161-->[com.firebaseui:firebase-ui-auth:4.3.1] AndroidManifest.xml:89:13-58
162            android:exported="true" >
162-->[com.firebaseui:firebase-ui-auth:4.3.1] AndroidManifest.xml:90:13-36
163            <intent-filter>
163-->[com.firebaseui:firebase-ui-auth:4.3.1] AndroidManifest.xml:92:13-99:29
164                <action android:name="android.intent.action.VIEW" />
164-->[com.firebaseui:firebase-ui-auth:4.3.1] AndroidManifest.xml:93:17-69
164-->[com.firebaseui:firebase-ui-auth:4.3.1] AndroidManifest.xml:93:25-66
165
166                <category android:name="android.intent.category.DEFAULT" />
166-->[com.firebaseui:firebase-ui-auth:4.3.1] AndroidManifest.xml:95:17-76
166-->[com.firebaseui:firebase-ui-auth:4.3.1] AndroidManifest.xml:95:27-73
167                <category android:name="android.intent.category.BROWSABLE" />
167-->[com.firebaseui:firebase-ui-auth:4.3.1] AndroidManifest.xml:96:17-78
167-->[com.firebaseui:firebase-ui-auth:4.3.1] AndroidManifest.xml:96:27-75
168
169                <data android:scheme="@string/facebook_login_protocol_scheme" />
169-->[com.firebaseui:firebase-ui-auth:4.3.1] AndroidManifest.xml:98:17-81
169-->[com.firebaseui:firebase-ui-auth:4.3.1] AndroidManifest.xml:98:23-78
170            </intent-filter>
171        </activity>
172
173        <provider
173-->[com.firebaseui:firebase-ui-auth:4.3.1] AndroidManifest.xml:102:9-106:38
174            android:name="com.firebase.ui.auth.data.client.AuthUiInitProvider"
174-->[com.firebaseui:firebase-ui-auth:4.3.1] AndroidManifest.xml:103:13-79
175            android:authorities="com.sw.PuppyFriends.authuiinitprovider"
175-->[com.firebaseui:firebase-ui-auth:4.3.1] AndroidManifest.xml:104:13-70
176            android:exported="false"
176-->[com.firebaseui:firebase-ui-auth:4.3.1] AndroidManifest.xml:105:13-37
177            android:initOrder="90" />
177-->[com.firebaseui:firebase-ui-auth:4.3.1] AndroidManifest.xml:106:13-35
178
179        <service
179-->[com.google.firebase:firebase-inappmessaging-display:19.0.7] AndroidManifest.xml:15:9-21:19
180            android:name="com.google.firebase.components.ComponentDiscoveryService"
180-->[com.google.firebase:firebase-inappmessaging-display:19.0.7] AndroidManifest.xml:16:13-84
181            android:directBootAware="true"
181-->[com.google.firebase:firebase-common:19.3.0] AndroidManifest.xml:34:13-43
182            android:exported="false" >
182-->[com.google.firebase:firebase-inappmessaging-display:19.0.7] AndroidManifest.xml:17:13-37
183            <meta-data
183-->[com.google.firebase:firebase-inappmessaging-display:19.0.7] AndroidManifest.xml:18:13-20:85
184                android:name="com.google.firebase.components:com.google.firebase.inappmessaging.display.FirebaseInAppMessagingDisplayRegistrar"
184-->[com.google.firebase:firebase-inappmessaging-display:19.0.7] AndroidManifest.xml:19:17-144
185                android:value="com.google.firebase.components.ComponentRegistrar" />
185-->[com.google.firebase:firebase-inappmessaging-display:19.0.7] AndroidManifest.xml:20:17-82
186            <meta-data
186-->[com.google.firebase:firebase-database:19.3.0] AndroidManifest.xml:32:13-34:85
187                android:name="com.google.firebase.components:com.google.firebase.database.DatabaseRegistrar"
187-->[com.google.firebase:firebase-database:19.3.0] AndroidManifest.xml:33:17-109
188                android:value="com.google.firebase.components.ComponentRegistrar" />
188-->[com.google.firebase:firebase-database:19.3.0] AndroidManifest.xml:34:17-82
189            <meta-data
189-->[com.google.firebase:firebase-auth:19.3.1] AndroidManifest.xml:36:13-38:85
190                android:name="com.google.firebase.components:com.google.firebase.auth.FirebaseAuthRegistrar"
190-->[com.google.firebase:firebase-auth:19.3.1] AndroidManifest.xml:37:17-109
191                android:value="com.google.firebase.components.ComponentRegistrar" />
191-->[com.google.firebase:firebase-auth:19.3.1] AndroidManifest.xml:38:17-82
192            <meta-data
192-->[com.google.firebase:firebase-storage:19.1.1] AndroidManifest.xml:33:13-35:85
193                android:name="com.google.firebase.components:com.google.firebase.storage.StorageRegistrar"
193-->[com.google.firebase:firebase-storage:19.1.1] AndroidManifest.xml:34:17-107
194                android:value="com.google.firebase.components.ComponentRegistrar" />
194-->[com.google.firebase:firebase-storage:19.1.1] AndroidManifest.xml:35:17-82
195            <meta-data
195-->[com.google.firebase:firebase-messaging:20.2.0] AndroidManifest.xml:39:13-41:85
196                android:name="com.google.firebase.components:com.google.firebase.messaging.FirebaseMessagingRegistrar"
196-->[com.google.firebase:firebase-messaging:20.2.0] AndroidManifest.xml:40:17-119
197                android:value="com.google.firebase.components.ComponentRegistrar" />
197-->[com.google.firebase:firebase-messaging:20.2.0] AndroidManifest.xml:41:17-82
198            <meta-data
198-->[com.google.android.gms:play-services-measurement-api:17.4.2] AndroidManifest.xml:30:13-32:85
199                android:name="com.google.firebase.components:com.google.firebase.analytics.connector.internal.AnalyticsConnectorRegistrar"
199-->[com.google.android.gms:play-services-measurement-api:17.4.2] AndroidManifest.xml:31:17-139
200                android:value="com.google.firebase.components.ComponentRegistrar" />
200-->[com.google.android.gms:play-services-measurement-api:17.4.2] AndroidManifest.xml:32:17-82
201            <meta-data
201-->[com.google.firebase:firebase-firestore:17.1.4] AndroidManifest.xml:15:13-17:85
202                android:name="com.google.firebase.components:com.google.firebase.firestore.FirestoreRegistrar"
202-->[com.google.firebase:firebase-firestore:17.1.4] AndroidManifest.xml:16:17-111
203                android:value="com.google.firebase.components.ComponentRegistrar" />
203-->[com.google.firebase:firebase-firestore:17.1.4] AndroidManifest.xml:17:17-82
204            <meta-data
204-->[com.google.firebase:firebase-inappmessaging:19.0.7] AndroidManifest.xml:17:13-19:85
205                android:name="com.google.firebase.components:com.google.firebase.inappmessaging.FirebaseInAppMessagingRegistrar"
205-->[com.google.firebase:firebase-inappmessaging:19.0.7] AndroidManifest.xml:18:17-129
206                android:value="com.google.firebase.components.ComponentRegistrar" />
206-->[com.google.firebase:firebase-inappmessaging:19.0.7] AndroidManifest.xml:19:17-82
207            <meta-data
207-->[com.google.firebase:firebase-iid:20.2.0] AndroidManifest.xml:32:13-34:85
208                android:name="com.google.firebase.components:com.google.firebase.iid.Registrar"
208-->[com.google.firebase:firebase-iid:20.2.0] AndroidManifest.xml:33:17-96
209                android:value="com.google.firebase.components.ComponentRegistrar" />
209-->[com.google.firebase:firebase-iid:20.2.0] AndroidManifest.xml:34:17-82
210            <meta-data
210-->[com.google.firebase:firebase-installations:16.3.1] AndroidManifest.xml:17:13-19:85
211                android:name="com.google.firebase.components:com.google.firebase.installations.FirebaseInstallationsRegistrar"
211-->[com.google.firebase:firebase-installations:16.3.1] AndroidManifest.xml:18:17-127
212                android:value="com.google.firebase.components.ComponentRegistrar" />
212-->[com.google.firebase:firebase-installations:16.3.1] AndroidManifest.xml:19:17-82
213            <meta-data
213-->[com.google.firebase:firebase-datatransport:17.0.5] AndroidManifest.xml:28:13-30:85
214                android:name="com.google.firebase.components:com.google.firebase.datatransport.TransportRegistrar"
214-->[com.google.firebase:firebase-datatransport:17.0.5] AndroidManifest.xml:29:17-115
215                android:value="com.google.firebase.components.ComponentRegistrar" />
215-->[com.google.firebase:firebase-datatransport:17.0.5] AndroidManifest.xml:30:17-82
216            <meta-data
216-->[com.google.firebase:firebase-abt:19.0.1] AndroidManifest.xml:13:13-15:85
217                android:name="com.google.firebase.components:com.google.firebase.abt.component.AbtRegistrar"
217-->[com.google.firebase:firebase-abt:19.0.1] AndroidManifest.xml:14:17-109
218                android:value="com.google.firebase.components.ComponentRegistrar" />
218-->[com.google.firebase:firebase-abt:19.0.1] AndroidManifest.xml:15:17-82
219        </service>
220
221        <activity
221-->[com.google.firebase:firebase-auth:19.3.1] AndroidManifest.xml:24:9-31:50
222            android:name="com.google.firebase.auth.internal.FederatedSignInActivity"
222-->[com.google.firebase:firebase-auth:19.3.1] AndroidManifest.xml:25:13-85
223            android:excludeFromRecents="true"
223-->[com.google.firebase:firebase-auth:19.3.1] AndroidManifest.xml:26:13-46
224            android:exported="true"
224-->[com.google.firebase:firebase-auth:19.3.1] AndroidManifest.xml:27:13-36
225            android:launchMode="singleTask"
225-->[com.google.firebase:firebase-auth:19.3.1] AndroidManifest.xml:28:13-44
226            android:permission="com.google.firebase.auth.api.gms.permission.LAUNCH_FEDERATED_SIGN_IN"
226-->[com.google.firebase:firebase-auth:19.3.1] AndroidManifest.xml:29:13-102
227            android:theme="@android:style/Theme.Translucent.NoTitleBar" />
227-->[com.google.firebase:firebase-auth:19.3.1] AndroidManifest.xml:30:13-72
228        <activity
228-->[com.google.android.gms:play-services-auth:18.0.0] AndroidManifest.xml:23:9-27:75
229            android:name="com.google.android.gms.auth.api.signin.internal.SignInHubActivity"
229-->[com.google.android.gms:play-services-auth:18.0.0] AndroidManifest.xml:24:13-93
230            android:excludeFromRecents="true"
230-->[com.google.android.gms:play-services-auth:18.0.0] AndroidManifest.xml:25:13-46
231            android:exported="false"
231-->[com.google.android.gms:play-services-auth:18.0.0] AndroidManifest.xml:26:13-37
232            android:theme="@android:style/Theme.Translucent.NoTitleBar" />
232-->[com.google.android.gms:play-services-auth:18.0.0] AndroidManifest.xml:27:13-72
233        <!--
234            Service handling Google Sign-In user revocation. For apps that do not integrate with
235            Google Sign-In, this service will never be started.
236        -->
237        <service
237-->[com.google.android.gms:play-services-auth:18.0.0] AndroidManifest.xml:33:9-36:110
238            android:name="com.google.android.gms.auth.api.signin.RevocationBoundService"
238-->[com.google.android.gms:play-services-auth:18.0.0] AndroidManifest.xml:34:13-89
239            android:exported="true"
239-->[com.google.android.gms:play-services-auth:18.0.0] AndroidManifest.xml:35:13-36
240            android:permission="com.google.android.gms.auth.api.signin.permission.REVOCATION_NOTIFICATION" />
240-->[com.google.android.gms:play-services-auth:18.0.0] AndroidManifest.xml:36:13-107
241
242        <provider
242-->[com.squareup.picasso:picasso:2.71828] AndroidManifest.xml:8:9-11:40
243            android:name="com.squareup.picasso.PicassoProvider"
243-->[com.squareup.picasso:picasso:2.71828] AndroidManifest.xml:9:13-64
244            android:authorities="com.sw.PuppyFriends.com.squareup.picasso"
244-->[com.squareup.picasso:picasso:2.71828] AndroidManifest.xml:10:13-72
245            android:exported="false" />
245-->[com.squareup.picasso:picasso:2.71828] AndroidManifest.xml:11:13-37
246        <!--
247             FirebaseMessagingService performs security checks at runtime,
248             but set to not exported to explicitly avoid allowing another app to call it.
249        -->
250        <service
250-->[com.google.firebase:firebase-messaging:20.2.0] AndroidManifest.xml:28:9-35:19
251            android:name="com.google.firebase.messaging.FirebaseMessagingService"